Operación de lectura de disco (1000ms)
Operación de acceso a memoria (500ms)
Operación de la ALU (1500ms)
Operación de escritura en disco (2000ms)
Operación de lectura de disco (1000ms)
Operación de acceso a memoria (500ms)
Operación de la ALU (1500ms)
Operación de escritura en disco (2000ms)
Operación de acceso a memoria (500ms)
Operación de acceso a memoria (500ms)
Operación de la ALU (1500ms)
Operación de lectura de disco (1000ms)
Operación de acceso a memoria (500ms)
Operación de la ALU (1500ms)
Operación de lectura de disco (1000ms)
Operación de acceso a memoria (500ms)
Operación de la ALU (1500ms)
Operación de escritura en disco (2000ms)
I/O Lectura (1000)
RAM (500)
ALU (1500)
I/O Escritura (2000)
I/O Lectura (1000)
RAM (500)
ALU (1500)
I/O Escritura (2000)
I/O Lectura (1000)
RAM (500)
ALU (1500)
I/O Escritura (2000)
I/O Lectura (1000)
RAM (500)
ALU (1500)
I/O Escritura (2000)
I/O Lectura (1000)
RAM (500)
ALU (1500)
